[23:37:18] [main/INFO]: Loading Minecraft 1.21.1 with Fabric Loader 0.16.3
[23:37:18] [main/INFO]: Loading 4 mods:
	- fabricloader 0.16.3
	   \-- mixinextras 0.4.1
	- java 21
	- minecraft 1.21.1
[23:37:18] [main/INFO]: SpongePowered MIXIN Subsystem Version=0.8.7 Source=file:/workspaces/server1/servidor_minecraft/libraries/net/fabricmc/sponge-mixin/0.15.2+mixin.0.8.7/sponge-mixin-0.15.2+mixin.0.8.7.jar Service=Knot/Fabric Env=SERVER
[23:37:24] [main/INFO]: Environment: Environment[sessionHost=https://sessionserver.mojang.com, servicesHost=https://api.minecraftservices.com, name=PROD]
[23:37:25] [main/INFO]: No existing world data, creating new world
[23:37:25] [main/INFO]: Loaded 1290 recipes
[23:37:26] [main/INFO]: Loaded 1399 advancements
[23:37:26] [Server thread/INFO]: Starting minecraft server version 1.21.1
[23:37:26] [Server thread/INFO]: Loading properties
[23:37:26] [Server thread/INFO]: Default game type: SURVIVAL
[23:37:26] [Server thread/INFO]: Generating keypair
[23:37:26] [Server thread/INFO]: Starting Minecraft server on *:25565
[23:37:26] [Server thread/INFO]: Using epoll channel type
[23:37:26] [Server thread/WARN]: **** SERVER IS RUNNING IN OFFLINE/INSECURE MODE!
[23:37:26] [Server thread/WARN]: The server will make no attempt to authenticate usernames. Beware.
[23:37:26] [Server thread/WARN]: While this makes the game possible to play without internet access, it also opens up the ability for hackers to connect with any username they choose.
[23:37:26] [Server thread/WARN]: To change this, set "online-mode" to "true" in the server.properties file.
[23:37:26] [Server thread/INFO]: Preparing level "world"
[23:37:33] [Server thread/INFO]: Preparing start region for dimension minecraft:overworld
[23:37:33] [Worker-Main-2/INFO]: Preparing spawn area: 2%
[23:37:34] [Worker-Main-2/INFO]: Preparing spawn area: 2%
[23:37:34] [Worker-Main-3/INFO]: Preparing spawn area: 2%
[23:37:35] [Worker-Main-2/INFO]: Preparing spawn area: 2%
[23:37:35] [Worker-Main-3/INFO]: Preparing spawn area: 2%
[23:37:36] [Worker-Main-1/INFO]: Preparing spawn area: 12%
[23:37:36] [Worker-Main-2/INFO]: Preparing spawn area: 18%
[23:37:37] [Worker-Main-1/INFO]: Preparing spawn area: 18%
[23:37:37] [Worker-Main-2/INFO]: Preparing spawn area: 18%
[23:37:38] [Worker-Main-1/INFO]: Preparing spawn area: 51%
[23:37:38] [Worker-Main-1/INFO]: Preparing spawn area: 51%
[23:37:39] [Worker-Main-2/INFO]: Preparing spawn area: 51%
[23:37:39] [Worker-Main-3/INFO]: Preparing spawn area: 51%
[23:37:40] [Server thread/INFO]: Time elapsed: 6315 ms
[23:37:40] [Server thread/INFO]: Done (13.377s)! For help, type "help"
